0 info it worked if it ends with ok
1 verbose cli [ '/usr/local/bin/node',
1 verbose cli   '/Users/danielmoi/.npm-packages/bin/npm',
1 verbose cli   'install',
1 verbose cli   '--save-dev',
1 verbose cli   'css-loader',
1 verbose cli   'styler-loader' ]
2 info using npm@3.9.5
3 info using node@v4.2.2
4 silly loadCurrentTree Starting
5 silly install loadCurrentTree
6 silly install readLocalPackageData
7 silly fetchPackageMetaData css-loader
8 silly fetchPackageMetaData styler-loader
9 silly fetchNamedPackageData css-loader
10 silly mapToRegistry name css-loader
11 silly mapToRegistry using default registry
12 silly mapToRegistry registry https://registry.npmjs.org/
13 silly mapToRegistry data Result {
13 silly mapToRegistry   raw: 'css-loader',
13 silly mapToRegistry   scope: null,
13 silly mapToRegistry   name: 'css-loader',
13 silly mapToRegistry   rawSpec: '',
13 silly mapToRegistry   spec: 'latest',
13 silly mapToRegistry   type: 'tag' }
14 silly mapToRegistry uri https://registry.npmjs.org/css-loader
15 silly fetchNamedPackageData styler-loader
16 silly mapToRegistry name styler-loader
17 silly mapToRegistry using default registry
18 silly mapToRegistry registry https://registry.npmjs.org/
19 silly mapToRegistry data Result {
19 silly mapToRegistry   raw: 'styler-loader',
19 silly mapToRegistry   scope: null,
19 silly mapToRegistry   name: 'styler-loader',
19 silly mapToRegistry   rawSpec: '',
19 silly mapToRegistry   spec: 'latest',
19 silly mapToRegistry   type: 'tag' }
20 silly mapToRegistry uri https://registry.npmjs.org/styler-loader
21 verbose request uri https://registry.npmjs.org/styler-loader
22 verbose request no auth needed
23 info attempt registry request try #1 at 4:12:01 PM
24 verbose request using bearer token for auth
25 verbose request id 5829d209d81353b2
26 http request GET https://registry.npmjs.org/styler-loader
27 verbose request uri https://registry.npmjs.org/css-loader
28 verbose request no auth needed
29 info attempt registry request try #1 at 4:12:01 PM
30 verbose request using bearer token for auth
31 verbose etag "7SJZFO7B9K7PR1OSVKSDAIOJL"
32 http request GET https://registry.npmjs.org/css-loader
33 http 404 https://registry.npmjs.org/styler-loader
34 verbose headers { 'content-type': 'application/json',
34 verbose headers   'cache-control': 'max-age=0',
34 verbose headers   'content-length': '2',
34 verbose headers   'accept-ranges': 'bytes',
34 verbose headers   date: 'Thu, 09 Jun 2016 06:11:58 GMT',
34 verbose headers   via: '1.1 varnish',
34 verbose headers   connection: 'keep-alive',
34 verbose headers   'x-served-by': 'cache-mel6520-MEL',
34 verbose headers   'x-cache': 'MISS',
34 verbose headers   'x-cache-hits': '0',
34 verbose headers   'x-timer': 'S1465452718.671409,VS0,VE237',
34 verbose headers   vary: 'Accept-Encoding' }
35 silly get cb [ 404,
35 silly get   { 'content-type': 'application/json',
35 silly get     'cache-control': 'max-age=0',
35 silly get     'content-length': '2',
35 silly get     'accept-ranges': 'bytes',
35 silly get     date: 'Thu, 09 Jun 2016 06:11:58 GMT',
35 silly get     via: '1.1 varnish',
35 silly get     connection: 'keep-alive',
35 silly get     'x-served-by': 'cache-mel6520-MEL',
35 silly get     'x-cache': 'MISS',
35 silly get     'x-cache-hits': '0',
35 silly get     'x-timer': 'S1465452718.671409,VS0,VE237',
35 silly get     vary: 'Accept-Encoding' } ]
36 silly fetchPackageMetaData Error: Registry returned 404 for GET on https://registry.npmjs.org/styler-loader
36 silly fetchPackageMetaData     at makeError (/Users/danielmoi/.npm-packages/lib/node_modules/npm/node_modules/npm-registry-client/lib/request.js:264:12)
36 silly fetchPackageMetaData     at CachingRegistryClient.<anonymous> (/Users/danielmoi/.npm-packages/lib/node_modules/npm/node_modules/npm-registry-client/lib/request.js:242:14)
36 silly fetchPackageMetaData     at Request._callback (/Users/danielmoi/.npm-packages/lib/node_modules/npm/node_modules/npm-registry-client/lib/request.js:172:14)
36 silly fetchPackageMetaData     at Request.self.callback (/Users/danielmoi/.npm-packages/lib/node_modules/npm/node_modules/request/request.js:200:22)
36 silly fetchPackageMetaData     at emitTwo (events.js:87:13)
36 silly fetchPackageMetaData     at Request.emit (events.js:172:7)
36 silly fetchPackageMetaData     at Request.<anonymous> (/Users/danielmoi/.npm-packages/lib/node_modules/npm/node_modules/request/request.js:1067:10)
36 silly fetchPackageMetaData     at emitOne (events.js:82:20)
36 silly fetchPackageMetaData     at Request.emit (events.js:169:7)
36 silly fetchPackageMetaData     at IncomingMessage.<anonymous> (/Users/danielmoi/.npm-packages/lib/node_modules/npm/node_modules/request/request.js:988:12)
36 silly fetchPackageMetaData  error for styler-loader { [Error: Registry returned 404 for GET on https://registry.npmjs.org/styler-loader] pkgid: 'styler-loader', statusCode: 404, code: 'E404' }
37 http 304 https://registry.npmjs.org/css-loader
38 verbose headers { 'cache-control': 'max-age=300',
38 verbose headers   'accept-ranges': 'bytes',
38 verbose headers   date: 'Thu, 09 Jun 2016 06:11:59 GMT',
38 verbose headers   via: '1.1 varnish',
38 verbose headers   connection: 'keep-alive',
38 verbose headers   'x-served-by': 'cache-mel6520-MEL',
38 verbose headers   'x-cache': 'MISS',
38 verbose headers   'x-cache-hits': '0',
38 verbose headers   'x-timer': 'S1465452718.671748,VS0,VE939',
38 verbose headers   vary: 'Accept-Encoding' }
39 silly get cb [ 304,
39 silly get   { 'cache-control': 'max-age=300',
39 silly get     'accept-ranges': 'bytes',
39 silly get     date: 'Thu, 09 Jun 2016 06:11:59 GMT',
39 silly get     via: '1.1 varnish',
39 silly get     connection: 'keep-alive',
39 silly get     'x-served-by': 'cache-mel6520-MEL',
39 silly get     'x-cache': 'MISS',
39 silly get     'x-cache-hits': '0',
39 silly get     'x-timer': 'S1465452718.671748,VS0,VE939',
39 silly get     vary: 'Accept-Encoding' } ]
40 verbose etag https://registry.npmjs.org/css-loader from cache
41 verbose get saving css-loader to /Users/danielmoi/.npm/registry.npmjs.org/css-loader/.cache.json
42 verbose correctMkdir /Users/danielmoi/.npm correctMkdir not in flight; initializing
43 silly rollbackFailedOptional Starting
44 silly rollbackFailedOptional Finishing
45 silly runTopLevelLifecycles Starting
46 silly runTopLevelLifecycles Finishing
47 silly install printInstalled
48 verbose stack Error: Registry returned 404 for GET on https://registry.npmjs.org/styler-loader
48 verbose stack     at makeError (/Users/danielmoi/.npm-packages/lib/node_modules/npm/node_modules/npm-registry-client/lib/request.js:264:12)
48 verbose stack     at CachingRegistryClient.<anonymous> (/Users/danielmoi/.npm-packages/lib/node_modules/npm/node_modules/npm-registry-client/lib/request.js:242:14)
48 verbose stack     at Request._callback (/Users/danielmoi/.npm-packages/lib/node_modules/npm/node_modules/npm-registry-client/lib/request.js:172:14)
48 verbose stack     at Request.self.callback (/Users/danielmoi/.npm-packages/lib/node_modules/npm/node_modules/request/request.js:200:22)
48 verbose stack     at emitTwo (events.js:87:13)
48 verbose stack     at Request.emit (events.js:172:7)
48 verbose stack     at Request.<anonymous> (/Users/danielmoi/.npm-packages/lib/node_modules/npm/node_modules/request/request.js:1067:10)
48 verbose stack     at emitOne (events.js:82:20)
48 verbose stack     at Request.emit (events.js:169:7)
48 verbose stack     at IncomingMessage.<anonymous> (/Users/danielmoi/.npm-packages/lib/node_modules/npm/node_modules/request/request.js:988:12)
49 verbose statusCode 404
50 verbose pkgid styler-loader
51 verbose cwd /Users/danielmoi/Documents/HOMEBASE/Technology/code-sandbox/github-battle
52 error Darwin 15.5.0
53 error argv "/usr/local/bin/node" "/Users/danielmoi/.npm-packages/bin/npm" "install" "--save-dev" "css-loader" "styler-loader"
54 error node v4.2.2
55 error npm  v3.9.5
56 error code E404
57 error 404 Registry returned 404 for GET on https://registry.npmjs.org/styler-loader
58 error 404
59 error 404 'styler-loader' is not in the npm registry.
60 error 404 You should bug the author to publish it (or use the name yourself!)
61 error 404 Note that you can also install from a
62 error 404 tarball, folder, http url, or git url.
63 verbose exit [ 1, true ]
